{"C:\\Users\\Kalanjali\\Downloads\\invoice-genie-main\\invoice-genie-main\\src\\contexts\\AuthContext.tsx": {"path":"C:\\Users\\Kalanjali\\Downloads\\invoice-genie-main\\invoice-genie-main\\src\\contexts\\AuthContext.tsx","statementMap":{"0":{"start":{"line":13,"column":6},"end":{"line":13,"column":null}},"1":{"start":{"line":19,"column":23},"end":{"line":25,"column":null}},"2":{"start":{"line":20,"column":10},"end":{"line":20,"column":null}},"3":{"start":{"line":21,"column":4},"end":{"line":23,"column":null}},"4":{"start":{"line":22,"column":8},"end":{"line":22,"column":null}},"5":{"start":{"line":24,"column":4},"end":{"line":24,"column":null}},"6":{"start":{"line":31,"column":18},"end":{"line":31,"column":null}},"7":{"start":{"line":32,"column":4},"end":{"line":32,"column":null}},"8":{"start":{"line":33,"column":4},"end":{"line":35,"column":null}},"9":{"start":{"line":34,"column":18},"end":{"line":34,"column":null}},"10":{"start":{"line":46,"column":20},"end":{"line":46,"column":null}},"11":{"start":{"line":47,"column":17},"end":{"line":47,"column":null}},"12":{"start":{"line":48,"column":17},"end":{"line":48,"column":null}},"13":{"start":{"line":49,"column":4},"end":{"line":51,"column":null}},"14":{"start":{"line":50,"column":18},"end":{"line":50,"column":null}},"15":{"start":{"line":54,"column":28},"end":{"line":139,"column":null}},"16":{"start":{"line":55,"column":25},"end":{"line":55,"column":null}},"17":{"start":{"line":56,"column":35},"end":{"line":56,"column":null}},"18":{"start":{"line":58,"column":4},"end":{"line":78,"column":null}},"19":{"start":{"line":60,"column":29},"end":{"line":76,"column":null}},"20":{"start":{"line":61,"column":12},"end":{"line":75,"column":null}},"21":{"start":{"line":62,"column":37},"end":{"line":62,"column":null}},"22":{"start":{"line":63,"column":16},"end":{"line":70,"column":null}},"23":{"start":{"line":64,"column":38},"end":{"line":64,"column":null}},"24":{"start":{"line":65,"column":20},"end":{"line":69,"column":null}},"25":{"start":{"line":66,"column":24},"end":{"line":66,"column":null}},"26":{"start":{"line":68,"column":24},"end":{"line":68,"column":null}},"27":{"start":{"line":72,"column":16},"end":{"line":72,"column":null}},"28":{"start":{"line":74,"column":16},"end":{"line":74,"column":null}},"29":{"start":{"line":77,"column":8},"end":{"line":77,"column":null}},"30":{"start":{"line":80,"column":18},"end":{"line":120,"column":null}},"31":{"start":{"line":81,"column":8},"end":{"line":119,"column":null}},"32":{"start":{"line":82,"column":30},"end":{"line":82,"column":null}},"33":{"start":{"line":84,"column":12},"end":{"line":84,"column":null}},"34":{"start":{"line":84,"column":28},"end":{"line":84,"column":null}},"35":{"start":{"line":87,"column":12},"end":{"line":113,"column":null}},"36":{"start":{"line":88,"column":39},"end":{"line":88,"column":null}},"37":{"start":{"line":89,"column":16},"end":{"line":93,"column":null}},"38":{"start":{"line":90,"column":20},"end":{"line":90,"column":null}},"39":{"start":{"line":91,"column":20},"end":{"line":91,"column":null}},"40":{"start":{"line":91,"column":38},"end":{"line":91,"column":null}},"41":{"start":{"line":92,"column":20},"end":{"line":92,"column":null}},"42":{"start":{"line":97,"column":35},"end":{"line":97,"column":65}},"43":{"start":{"line":98,"column":16},"end":{"line":112,"column":null}},"44":{"start":{"line":100,"column":36},"end":{"line":100,"column":null}},"45":{"start":{"line":101,"column":36},"end":{"line":101,"column":null}},"46":{"start":{"line":103,"column":20},"end":{"line":106,"column":null}},"47":{"start":{"line":108,"column":40},"end":{"line":108,"column":null}},"48":{"start":{"line":109,"column":20},"end":{"line":109,"column":null}},"49":{"start":{"line":110,"column":20},"end":{"line":110,"column":null}},"50":{"start":{"line":110,"column":38},"end":{"line":110,"column":null}},"51":{"start":{"line":111,"column":20},"end":{"line":111,"column":null}},"52":{"start":{"line":115,"column":12},"end":{"line":115,"column":null}},"53":{"start":{"line":117,"column":12},"end":{"line":117,"column":null}},"54":{"start":{"line":118,"column":12},"end":{"line":118,"column":null}},"55":{"start":{"line":122,"column":19},"end":{"line":125,"column":null}},"56":{"start":{"line":123,"column":8},"end":{"line":123,"column":null}},"57":{"start":{"line":124,"column":8},"end":{"line":124,"column":null}},"58":{"start":{"line":127,"column":4},"end":{"line":136,"column":null}}},"fnMap":{"0":{"name":"(anonymous_0)","decl":{"start":{"line":19,"column":23},"end":{"line":19,"column":null}},"loc":{"start":{"line":19,"column":23},"end":{"line":25,"column":null}},"line":19},"1":{"name":"generateSalt","decl":{"start":{"line":30,"column":9},"end":{"line":30,"column":null}},"loc":{"start":{"line":30,"column":9},"end":{"line":36,"column":null}},"line":30},"2":{"name":"(anonymous_2)","decl":{"start":{"line":34,"column":13},"end":{"line":34,"column":18}},"loc":{"start":{"line":34,"column":18},"end":{"line":34,"column":null}},"line":34},"3":{"name":"hashPassword","decl":{"start":{"line":45,"column":15},"end":{"line":45,"column":28}},"loc":{"start":{"line":45,"column":63},"end":{"line":52,"column":null}},"line":45},"4":{"name":"(anonymous_4)","decl":{"start":{"line":50,"column":13},"end":{"line":50,"column":18}},"loc":{"start":{"line":50,"column":18},"end":{"line":50,"column":null}},"line":50},"5":{"name":"(anonymous_5)","decl":{"start":{"line":54,"column":28},"end":{"line":54,"column":29}},"loc":{"start":{"line":54,"column":66},"end":{"line":139,"column":null}},"line":54},"6":{"name":"(anonymous_6)","decl":{"start":{"line":58,"column":14},"end":{"line":58,"column":null}},"loc":{"start":{"line":58,"column":14},"end":{"line":78,"column":7}},"line":58},"7":{"name":"(anonymous_7)","decl":{"start":{"line":60,"column":29},"end":{"line":60,"column":null}},"loc":{"start":{"line":60,"column":29},"end":{"line":76,"column":null}},"line":60},"8":{"name":"(anonymous_8)","decl":{"start":{"line":80,"column":18},"end":{"line":80,"column":25}},"loc":{"start":{"line":80,"column":43},"end":{"line":120,"column":null}},"line":80},"9":{"name":"(anonymous_9)","decl":{"start":{"line":122,"column":19},"end":{"line":122,"column":null}},"loc":{"start":{"line":122,"column":19},"end":{"line":125,"column":null}},"line":122}},"branchMap":{"0":{"loc":{"start":{"line":21,"column":4},"end":{"line":23,"column":null}},"type":"if","locations":[{"start":{"line":21,"column":4},"end":{"line":23,"column":null}},{"start":{},"end":{}}],"line":21},"1":{"loc":{"start":{"line":45,"column":46},"end":{"line":45,"column":63}},"type":"default-arg","locations":[{"start":{"line":45,"column":61},"end":{"line":45,"column":63}}],"line":45},"2":{"loc":{"start":{"line":63,"column":16},"end":{"line":70,"column":null}},"type":"if","locations":[{"start":{"line":63,"column":16},"end":{"line":70,"column":null}},{"start":{},"end":{}}],"line":63},"3":{"loc":{"start":{"line":65,"column":20},"end":{"line":69,"column":null}},"type":"if","locations":[{"start":{"line":65,"column":20},"end":{"line":69,"column":null}},{"start":{"line":67,"column":27},"end":{"line":69,"column":null}}],"line":65},"4":{"loc":{"start":{"line":84,"column":12},"end":{"line":84,"column":null}},"type":"if","locations":[{"start":{"line":84,"column":12},"end":{"line":84,"column":null}},{"start":{},"end":{}}],"line":84},"5":{"loc":{"start":{"line":87,"column":12},"end":{"line":113,"column":null}},"type":"if","locations":[{"start":{"line":87,"column":12},"end":{"line":113,"column":null}},{"start":{"line":96,"column":17},"end":{"line":113,"column":null}}],"line":87},"6":{"loc":{"start":{"line":89,"column":16},"end":{"line":93,"column":null}},"type":"if","locations":[{"start":{"line":89,"column":16},"end":{"line":93,"column":null}},{"start":{},"end":{}}],"line":89},"7":{"loc":{"start":{"line":91,"column":20},"end":{"line":91,"column":null}},"type":"if","locations":[{"start":{"line":91,"column":20},"end":{"line":91,"column":null}},{"start":{},"end":{}}],"line":91},"8":{"loc":{"start":{"line":98,"column":16},"end":{"line":112,"column":null}},"type":"if","locations":[{"start":{"line":98,"column":16},"end":{"line":112,"column":null}},{"start":{},"end":{}}],"line":98},"9":{"loc":{"start":{"line":110,"column":20},"end":{"line":110,"column":null}},"type":"if","locations":[{"start":{"line":110,"column":20},"end":{"line":110,"column":null}},{"start":{},"end":{}}],"line":110}},"s":{"0":1,"1":1,"2":10,"3":10,"4":0,"5":10,"6":1,"7":1,"8":1,"9":16,"10":3,"11":3,"12":3,"13":3,"14":9,"15":1,"16":10,"17":10,"18":10,"19":4,"20":4,"21":4,"22":4,"23":0,"24":0,"25":0,"26":0,"27":0,"28":4,"29":4,"30":10,"31":3,"32":3,"33":3,"34":1,"35":2,"36":1,"37":1,"38":1,"39":1,"40":1,"41":1,"42":1,"43":1,"44":1,"45":1,"46":1,"47":1,"48":1,"49":1,"50":1,"51":1,"52":0,"53":0,"54":0,"55":10,"56":0,"57":0,"58":10},"f":{"0":10,"1":1,"2":16,"3":3,"4":9,"5":10,"6":4,"7":4,"8":3,"9":0},"b":{"0":[0,10],"1":[3],"2":[0,4],"3":[0,0],"4":[1,2],"5":[1,1],"6":[1,0],"7":[1,0],"8":[1,0],"9":[1,0]},"meta":{"lastBranch":10,"lastFunction":10,"lastStatement":59,"seen":{"s:13:6:13:Infinity":0,"s:19:23:25:Infinity":1,"f:19:23:19:Infinity":0,"s:20:10:20:Infinity":2,"b:21:4:23:Infinity:undefined:undefined:undefined:undefined":0,"s:21:4:23:Infinity":3,"s:22:8:22:Infinity":4,"s:24:4:24:Infinity":5,"f:30:9:30:Infinity":1,"s:31:18:31:Infinity":6,"s:32:4:32:Infinity":7,"s:33:4:35:Infinity":8,"f:34:13:34:18":2,"s:34:18:34:Infinity":9,"f:45:15:45:28":3,"b:45:61:45:63":1,"s:46:20:46:Infinity":10,"s:47:17:47:Infinity":11,"s:48:17:48:Infinity":12,"s:49:4:51:Infinity":13,"f:50:13:50:18":4,"s:50:18:50:Infinity":14,"s:54:28:139:Infinity":15,"f:54:28:54:29":5,"s:55:25:55:Infinity":16,"s:56:35:56:Infinity":17,"s:58:4:78:Infinity":18,"f:58:14:58:Infinity":6,"s:60:29:76:Infinity":19,"f:60:29:60:Infinity":7,"s:61:12:75:Infinity":20,"s:62:37:62:Infinity":21,"b:63:16:70:Infinity:undefined:undefined:undefined:undefined":2,"s:63:16:70:Infinity":22,"s:64:38:64:Infinity":23,"b:65:20:69:Infinity:67:27:69:Infinity":3,"s:65:20:69:Infinity":24,"s:66:24:66:Infinity":25,"s:68:24:68:Infinity":26,"s:72:16:72:Infinity":27,"s:74:16:74:Infinity":28,"s:77:8:77:Infinity":29,"s:80:18:120:Infinity":30,"f:80:18:80:25":8,"s:81:8:119:Infinity":31,"s:82:30:82:Infinity":32,"b:84:12:84:Infinity:undefined:undefined:undefined:undefined":4,"s:84:12:84:Infinity":33,"s:84:28:84:Infinity":34,"b:87:12:113:Infinity:96:17:113:Infinity":5,"s:87:12:113:Infinity":35,"s:88:39:88:Infinity":36,"b:89:16:93:Infinity:undefined:undefined:undefined:undefined":6,"s:89:16:93:Infinity":37,"s:90:20:90:Infinity":38,"b:91:20:91:Infinity:undefined:undefined:undefined:undefined":7,"s:91:20:91:Infinity":39,"s:91:38:91:Infinity":40,"s:92:20:92:Infinity":41,"s:97:35:97:65":42,"b:98:16:112:Infinity:undefined:undefined:undefined:undefined":8,"s:98:16:112:Infinity":43,"s:100:36:100:Infinity":44,"s:101:36:101:Infinity":45,"s:103:20:106:Infinity":46,"s:108:40:108:Infinity":47,"s:109:20:109:Infinity":48,"b:110:20:110:Infinity:undefined:undefined:undefined:undefined":9,"s:110:20:110:Infinity":49,"s:110:38:110:Infinity":50,"s:111:20:111:Infinity":51,"s:115:12:115:Infinity":52,"s:117:12:117:Infinity":53,"s:118:12:118:Infinity":54,"s:122:19:125:Infinity":55,"f:122:19:122:Infinity":9,"s:123:8:123:Infinity":56,"s:124:8:124:Infinity":57,"s:127:4:136:Infinity":58}}}
,"C:\\Users\\Kalanjali\\Downloads\\invoice-genie-main\\invoice-genie-main\\src\\utils\\orderUtils.ts": {"path":"C:\\Users\\Kalanjali\\Downloads\\invoice-genie-main\\invoice-genie-main\\src\\utils\\orderUtils.ts","statementMap":{"0":{"start":{"line":38,"column":34},"end":{"line":44,"column":null}},"1":{"start":{"line":46,"column":35},"end":{"line":48,"column":null}},"2":{"start":{"line":47,"column":2},"end":{"line":47,"column":13}},"3":{"start":{"line":50,"column":37},"end":{"line":52,"column":null}},"4":{"start":{"line":51,"column":2},"end":{"line":51,"column":13}},"5":{"start":{"line":54,"column":36},"end":{"line":64,"column":null}},"6":{"start":{"line":56,"column":19},"end":{"line":56,"column":null}},"7":{"start":{"line":59,"column":2},"end":{"line":61,"column":null}},"8":{"start":{"line":60,"column":4},"end":{"line":60,"column":null}},"9":{"start":{"line":63,"column":2},"end":{"line":63,"column":null}},"10":{"start":{"line":66,"column":38},"end":{"line":76,"column":null}},"11":{"start":{"line":66,"column":45},"end":{"line":76,"column":null}},"12":{"start":{"line":82,"column":16},"end":{"line":82,"column":null}},"13":{"start":{"line":82,"column":31},"end":{"line":82,"column":null}},"14":{"start":{"line":84,"column":16},"end":{"line":91,"column":null}},"15":{"start":{"line":86,"column":2},"end":{"line":86,"column":null}},"16":{"start":{"line":86,"column":22},"end":{"line":86,"column":null}},"17":{"start":{"line":88,"column":17},"end":{"line":88,"column":null}},"18":{"start":{"line":90,"column":2},"end":{"line":90,"column":null}},"19":{"start":{"line":93,"column":18},"end":{"line":93,"column":null}},"20":{"start":{"line":93,"column":33},"end":{"line":93,"column":null}},"21":{"start":{"line":95,"column":15},"end":{"line":98,"column":null}},"22":{"start":{"line":96,"column":14},"end":{"line":96,"column":null}},"23":{"start":{"line":97,"column":2},"end":{"line":97,"column":54}},"24":{"start":{"line":100,"column":21},"end":{"line":100,"column":null}},"25":{"start":{"line":100,"column":36},"end":{"line":100,"column":null}},"26":{"start":{"line":111,"column":28},"end":{"line":245,"column":null}},"27":{"start":{"line":112,"column":2},"end":{"line":112,"column":null}},"28":{"start":{"line":112,"column":25},"end":{"line":112,"column":null}},"29":{"start":{"line":113,"column":19},"end":{"line":113,"column":null}},"30":{"start":{"line":113,"column":36},"end":{"line":113,"column":null}},"31":{"start":{"line":118,"column":2},"end":{"line":142,"column":null}},"32":{"start":{"line":123,"column":27},"end":{"line":123,"column":null}},"33":{"start":{"line":124,"column":27},"end":{"line":124,"column":null}},"34":{"start":{"line":126,"column":4},"end":{"line":141,"column":null}},"35":{"start":{"line":127,"column":6},"end":{"line":127,"column":null}},"36":{"start":{"line":128,"column":6},"end":{"line":140,"column":null}},"37":{"start":{"line":145,"column":42},"end":{"line":145,"column":null}},"38":{"start":{"line":146,"column":22},"end":{"line":146,"column":null}},"39":{"start":{"line":148,"column":23},"end":{"line":166,"column":null}},"40":{"start":{"line":153,"column":18},"end":{"line":153,"column":null}},"41":{"start":{"line":154,"column":4},"end":{"line":160,"column":null}},"42":{"start":{"line":154,"column":17},"end":{"line":154,"column":20}},"43":{"start":{"line":155,"column":6},"end":{"line":155,"column":null}},"44":{"start":{"line":155,"column":30},"end":{"line":155,"column":null}},"45":{"start":{"line":156,"column":6},"end":{"line":159,"column":null}},"46":{"start":{"line":157,"column":8},"end":{"line":157,"column":null}},"47":{"start":{"line":158,"column":8},"end":{"line":158,"column":null}},"48":{"start":{"line":161,"column":4},"end":{"line":164,"column":null}},"49":{"start":{"line":162,"column":6},"end":{"line":162,"column":null}},"50":{"start":{"line":163,"column":6},"end":{"line":163,"column":null}},"51":{"start":{"line":165,"column":4},"end":{"line":165,"column":null}},"52":{"start":{"line":169,"column":19},"end":{"line":169,"column":null}},"53":{"start":{"line":170,"column":2},"end":{"line":170,"column":null}},"54":{"start":{"line":170,"column":23},"end":{"line":170,"column":null}},"55":{"start":{"line":172,"column":19},"end":{"line":172,"column":null}},"56":{"start":{"line":173,"column":2},"end":{"line":173,"column":null}},"57":{"start":{"line":173,"column":23},"end":{"line":173,"column":null}},"58":{"start":{"line":175,"column":17},"end":{"line":175,"column":null}},"59":{"start":{"line":176,"column":2},"end":{"line":182,"column":null}},"60":{"start":{"line":177,"column":4},"end":{"line":177,"column":null}},"61":{"start":{"line":185,"column":18},"end":{"line":185,"column":null}},"62":{"start":{"line":186,"column":2},"end":{"line":186,"column":null}},"63":{"start":{"line":186,"column":22},"end":{"line":186,"column":null}},"64":{"start":{"line":195,"column":27},"end":{"line":195,"column":null}},"65":{"start":{"line":195,"column":50},"end":{"line":195,"column":53}},"66":{"start":{"line":195,"column":65},"end":{"line":195,"column":null}},"67":{"start":{"line":201,"column":2},"end":{"line":205,"column":null}},"68":{"start":{"line":203,"column":17},"end":{"line":203,"column":null}},"69":{"start":{"line":204,"column":4},"end":{"line":204,"column":null}},"70":{"start":{"line":204,"column":28},"end":{"line":204,"column":null}},"71":{"start":{"line":206,"column":2},"end":{"line":210,"column":null}},"72":{"start":{"line":208,"column":17},"end":{"line":208,"column":null}},"73":{"start":{"line":209,"column":4},"end":{"line":209,"column":null}},"74":{"start":{"line":209,"column":28},"end":{"line":209,"column":null}},"75":{"start":{"line":213,"column":2},"end":{"line":229,"column":null}},"76":{"start":{"line":214,"column":17},"end":{"line":214,"column":null}},"77":{"start":{"line":215,"column":21},"end":{"line":215,"column":null}},"78":{"start":{"line":217,"column":4},"end":{"line":222,"column":null}},"79":{"start":{"line":218,"column":6},"end":{"line":221,"column":null}},"80":{"start":{"line":219,"column":8},"end":{"line":219,"column":null}},"81":{"start":{"line":220,"column":8},"end":{"line":220,"column":null}},"82":{"start":{"line":224,"column":4},"end":{"line":228,"column":null}},"83":{"start":{"line":225,"column":22},"end":{"line":225,"column":50}},"84":{"start":{"line":226,"column":6},"end":{"line":226,"column":null}},"85":{"start":{"line":227,"column":6},"end":{"line":227,"column":46}},"86":{"start":{"line":232,"column":2},"end":{"line":232,"column":null}},"87":{"start":{"line":232,"column":35},"end":{"line":232,"column":null}},"88":{"start":{"line":233,"column":2},"end":{"line":233,"column":null}},"89":{"start":{"line":233,"column":35},"end":{"line":233,"column":null}},"90":{"start":{"line":237,"column":23},"end":{"line":237,"column":null}},"91":{"start":{"line":238,"column":20},"end":{"line":238,"column":null}},"92":{"start":{"line":238,"column":43},"end":{"line":238,"column":null}},"93":{"start":{"line":240,"column":2},"end":{"line":242,"column":null}},"94":{"start":{"line":241,"column":4},"end":{"line":241,"column":null}},"95":{"start":{"line":244,"column":2},"end":{"line":244,"column":null}},"96":{"start":{"line":254,"column":33},"end":{"line":322,"column":null}},"97":{"start":{"line":255,"column":2},"end":{"line":321,"column":null}},"98":{"start":{"line":256,"column":20},"end":{"line":256,"column":null}},"99":{"start":{"line":257,"column":4},"end":{"line":257,"column":null}},"100":{"start":{"line":257,"column":18},"end":{"line":257,"column":null}},"101":{"start":{"line":261,"column":22},"end":{"line":261,"column":null}},"102":{"start":{"line":262,"column":21},"end":{"line":262,"column":null}},"103":{"start":{"line":263,"column":24},"end":{"line":263,"column":null}},"104":{"start":{"line":263,"column":43},"end":{"line":263,"column":null}},"105":{"start":{"line":265,"column":4},"end":{"line":301,"column":null}},"106":{"start":{"line":266,"column":21},"end":{"line":270,"column":null}},"107":{"start":{"line":269,"column":45},"end":{"line":269,"column":null}},"108":{"start":{"line":272,"column":6},"end":{"line":300,"column":null}},"109":{"start":{"line":273,"column":20},"end":{"line":273,"column":34}},"110":{"start":{"line":274,"column":25},"end":{"line":280,"column":null}},"111":{"start":{"line":275,"column":10},"end":{"line":278,"column":null}},"112":{"start":{"line":276,"column":34},"end":{"line":276,"column":null}},"113":{"start":{"line":277,"column":12},"end":{"line":277,"column":null}},"114":{"start":{"line":277,"column":36},"end":{"line":277,"column":null}},"115":{"start":{"line":279,"column":10},"end":{"line":279,"column":null}},"116":{"start":{"line":284,"column":24},"end":{"line":297,"column":null}},"117":{"start":{"line":299,"column":8},"end":{"line":299,"column":null}},"118":{"start":{"line":299,"column":65},"end":{"line":299,"column":null}},"119":{"start":{"line":305,"column":22},"end":{"line":308,"column":null}},"120":{"start":{"line":310,"column":4},"end":{"line":315,"column":null}},"121":{"start":{"line":312,"column":19},"end":{"line":312,"column":33}},"122":{"start":{"line":313,"column":21},"end":{"line":313,"column":null}},"123":{"start":{"line":314,"column":6},"end":{"line":314,"column":null}},"124":{"start":{"line":314,"column":18},"end":{"line":314,"column":null}},"125":{"start":{"line":317,"column":4},"end":{"line":317,"column":null}},"126":{"start":{"line":319,"column":4},"end":{"line":319,"column":null}},"127":{"start":{"line":320,"column":4},"end":{"line":320,"column":null}},"128":{"start":{"line":324,"column":34},"end":{"line":325,"column":182}},"129":{"start":{"line":327,"column":31},"end":{"line":337,"column":null}},"130":{"start":{"line":328,"column":2},"end":{"line":335,"column":null}},"131":{"start":{"line":329,"column":18},"end":{"line":329,"column":null}},"132":{"start":{"line":330,"column":4},"end":{"line":332,"column":null}},"133":{"start":{"line":331,"column":6},"end":{"line":331,"column":null}},"134":{"start":{"line":334,"column":4},"end":{"line":334,"column":null}},"135":{"start":{"line":336,"column":2},"end":{"line":336,"column":null}},"136":{"start":{"line":339,"column":31},"end":{"line":352,"column":null}}},"fnMap":{"0":{"name":"(anonymous_0)","decl":{"start":{"line":46,"column":35},"end":{"line":46,"column":null}},"loc":{"start":{"line":46,"column":35},"end":{"line":48,"column":null}},"line":46},"1":{"name":"(anonymous_1)","decl":{"start":{"line":50,"column":37},"end":{"line":50,"column":null}},"loc":{"start":{"line":50,"column":37},"end":{"line":52,"column":null}},"line":50},"2":{"name":"(anonymous_2)","decl":{"start":{"line":54,"column":36},"end":{"line":54,"column":37}},"loc":{"start":{"line":54,"column":52},"end":{"line":64,"column":null}},"line":54},"3":{"name":"(anonymous_3)","decl":{"start":{"line":66,"column":38},"end":{"line":66,"column":45}},"loc":{"start":{"line":66,"column":45},"end":{"line":76,"column":null}},"line":66},"4":{"name":"(anonymous_4)","decl":{"start":{"line":82,"column":16},"end":{"line":82,"column":17}},"loc":{"start":{"line":82,"column":31},"end":{"line":82,"column":null}},"line":82},"5":{"name":"(anonymous_5)","decl":{"start":{"line":84,"column":16},"end":{"line":84,"column":17}},"loc":{"start":{"line":84,"column":17},"end":{"line":91,"column":null}},"line":84},"6":{"name":"(anonymous_6)","decl":{"start":{"line":93,"column":18},"end":{"line":93,"column":19}},"loc":{"start":{"line":93,"column":33},"end":{"line":93,"column":null}},"line":93},"7":{"name":"(anonymous_7)","decl":{"start":{"line":95,"column":15},"end":{"line":95,"column":16}},"loc":{"start":{"line":95,"column":16},"end":{"line":98,"column":null}},"line":95},"8":{"name":"(anonymous_8)","decl":{"start":{"line":100,"column":21},"end":{"line":100,"column":22}},"loc":{"start":{"line":100,"column":36},"end":{"line":100,"column":null}},"line":100},"9":{"name":"(anonymous_9)","decl":{"start":{"line":111,"column":28},"end":{"line":111,"column":29}},"loc":{"start":{"line":111,"column":29},"end":{"line":245,"column":null}},"line":111},"10":{"name":"(anonymous_10)","decl":{"start":{"line":113,"column":31},"end":{"line":113,"column":36}},"loc":{"start":{"line":113,"column":36},"end":{"line":113,"column":null}},"line":113},"11":{"name":"(anonymous_11)","decl":{"start":{"line":148,"column":23},"end":{"line":148,"column":24}},"loc":{"start":{"line":148,"column":24},"end":{"line":166,"column":null}},"line":148},"12":{"name":"(anonymous_12)","decl":{"start":{"line":195,"column":40},"end":{"line":195,"column":41}},"loc":{"start":{"line":195,"column":50},"end":{"line":195,"column":53}},"line":195},"13":{"name":"(anonymous_13)","decl":{"start":{"line":195,"column":60},"end":{"line":195,"column":65}},"loc":{"start":{"line":195,"column":65},"end":{"line":195,"column":null}},"line":195},"14":{"name":"(anonymous_14)","decl":{"start":{"line":217,"column":29},"end":{"line":217,"column":30}},"loc":{"start":{"line":217,"column":39},"end":{"line":222,"column":null}},"line":217},"15":{"name":"(anonymous_15)","decl":{"start":{"line":238,"column":38},"end":{"line":238,"column":43}},"loc":{"start":{"line":238,"column":43},"end":{"line":238,"column":null}},"line":238},"16":{"name":"(anonymous_16)","decl":{"start":{"line":254,"column":33},"end":{"line":254,"column":34}},"loc":{"start":{"line":254,"column":34},"end":{"line":322,"column":null}},"line":254},"17":{"name":"(anonymous_17)","decl":{"start":{"line":263,"column":38},"end":{"line":263,"column":43}},"loc":{"start":{"line":263,"column":43},"end":{"line":263,"column":null}},"line":263},"18":{"name":"(anonymous_18)","decl":{"start":{"line":269,"column":25},"end":{"line":269,"column":26}},"loc":{"start":{"line":269,"column":45},"end":{"line":269,"column":null}},"line":269},"19":{"name":"(anonymous_19)","decl":{"start":{"line":274,"column":25},"end":{"line":274,"column":26}},"loc":{"start":{"line":274,"column":26},"end":{"line":280,"column":null}},"line":274},"20":{"name":"(anonymous_20)","decl":{"start":{"line":327,"column":31},"end":{"line":327,"column":null}},"loc":{"start":{"line":327,"column":31},"end":{"line":337,"column":null}},"line":327}},"branchMap":{"0":{"loc":{"start":{"line":59,"column":2},"end":{"line":61,"column":null}},"type":"if","locations":[{"start":{"line":59,"column":2},"end":{"line":61,"column":null}},{"start":{},"end":{}}],"line":59},"1":{"loc":{"start":{"line":86,"column":2},"end":{"line":86,"column":null}},"type":"if","locations":[{"start":{"line":86,"column":2},"end":{"line":86,"column":null}},{"start":{},"end":{}}],"line":86},"2":{"loc":{"start":{"line":90,"column":9},"end":{"line":90,"column":null}},"type":"binary-expr","locations":[{"start":{"line":90,"column":9},"end":{"line":90,"column":32}},{"start":{"line":90,"column":32},"end":{"line":90,"column":null}}],"line":90},"3":{"loc":{"start":{"line":97,"column":9},"end":{"line":97,"column":54}},"type":"binary-expr","locations":[{"start":{"line":97,"column":9},"end":{"line":97,"column":24}},{"start":{"line":97,"column":24},"end":{"line":97,"column":40}},{"start":{"line":97,"column":40},"end":{"line":97,"column":54}}],"line":97},"4":{"loc":{"start":{"line":112,"column":2},"end":{"line":112,"column":null}},"type":"if","locations":[{"start":{"line":112,"column":2},"end":{"line":112,"column":null}},{"start":{},"end":{}}],"line":112},"5":{"loc":{"start":{"line":118,"column":2},"end":{"line":142,"column":null}},"type":"if","locations":[{"start":{"line":118,"column":2},"end":{"line":142,"column":null}},{"start":{},"end":{}}],"line":118},"6":{"loc":{"start":{"line":123,"column":27},"end":{"line":123,"column":null}},"type":"binary-expr","locations":[{"start":{"line":123,"column":27},"end":{"line":123,"column":51}},{"start":{"line":123,"column":51},"end":{"line":123,"column":null}}],"line":123},"7":{"loc":{"start":{"line":124,"column":27},"end":{"line":124,"column":null}},"type":"binary-expr","locations":[{"start":{"line":124,"column":27},"end":{"line":124,"column":51}},{"start":{"line":124,"column":51},"end":{"line":124,"column":null}}],"line":124},"8":{"loc":{"start":{"line":126,"column":4},"end":{"line":141,"column":null}},"type":"if","locations":[{"start":{"line":126,"column":4},"end":{"line":141,"column":null}},{"start":{},"end":{}}],"line":126},"9":{"loc":{"start":{"line":126,"column":8},"end":{"line":126,"column":42}},"type":"binary-expr","locations":[{"start":{"line":126,"column":8},"end":{"line":126,"column":26}},{"start":{"line":126,"column":26},"end":{"line":126,"column":42}}],"line":126},"10":{"loc":{"start":{"line":155,"column":6},"end":{"line":155,"column":null}},"type":"if","locations":[{"start":{"line":155,"column":6},"end":{"line":155,"column":null}},{"start":{},"end":{}}],"line":155},"11":{"loc":{"start":{"line":156,"column":6},"end":{"line":159,"column":null}},"type":"if","locations":[{"start":{"line":156,"column":6},"end":{"line":159,"column":null}},{"start":{},"end":{}}],"line":156},"12":{"loc":{"start":{"line":161,"column":4},"end":{"line":164,"column":null}},"type":"if","locations":[{"start":{"line":161,"column":4},"end":{"line":164,"column":null}},{"start":{},"end":{}}],"line":161},"13":{"loc":{"start":{"line":170,"column":2},"end":{"line":170,"column":null}},"type":"if","locations":[{"start":{"line":170,"column":2},"end":{"line":170,"column":null}},{"start":{},"end":{}}],"line":170},"14":{"loc":{"start":{"line":173,"column":2},"end":{"line":173,"column":null}},"type":"if","locations":[{"start":{"line":173,"column":2},"end":{"line":173,"column":null}},{"start":{},"end":{}}],"line":173},"15":{"loc":{"start":{"line":176,"column":2},"end":{"line":182,"column":null}},"type":"if","locations":[{"start":{"line":176,"column":2},"end":{"line":182,"column":null}},{"start":{"line":178,"column":9},"end":{"line":182,"column":null}}],"line":176},"16":{"loc":{"start":{"line":186,"column":2},"end":{"line":186,"column":null}},"type":"if","locations":[{"start":{"line":186,"column":2},"end":{"line":186,"column":null}},{"start":{},"end":{}}],"line":186},"17":{"loc":{"start":{"line":201,"column":2},"end":{"line":205,"column":null}},"type":"if","locations":[{"start":{"line":201,"column":2},"end":{"line":205,"column":null}},{"start":{},"end":{}}],"line":201},"18":{"loc":{"start":{"line":204,"column":4},"end":{"line":204,"column":null}},"type":"if","locations":[{"start":{"line":204,"column":4},"end":{"line":204,"column":null}},{"start":{},"end":{}}],"line":204},"19":{"loc":{"start":{"line":206,"column":2},"end":{"line":210,"column":null}},"type":"if","locations":[{"start":{"line":206,"column":2},"end":{"line":210,"column":null}},{"start":{},"end":{}}],"line":206},"20":{"loc":{"start":{"line":209,"column":4},"end":{"line":209,"column":null}},"type":"if","locations":[{"start":{"line":209,"column":4},"end":{"line":209,"column":null}},{"start":{},"end":{}}],"line":209},"21":{"loc":{"start":{"line":213,"column":2},"end":{"line":229,"column":null}},"type":"if","locations":[{"start":{"line":213,"column":2},"end":{"line":229,"column":null}},{"start":{},"end":{}}],"line":213},"22":{"loc":{"start":{"line":218,"column":6},"end":{"line":221,"column":null}},"type":"if","locations":[{"start":{"line":218,"column":6},"end":{"line":221,"column":null}},{"start":{},"end":{}}],"line":218},"23":{"loc":{"start":{"line":224,"column":4},"end":{"line":228,"column":null}},"type":"if","locations":[{"start":{"line":224,"column":4},"end":{"line":228,"column":null}},{"start":{},"end":{}}],"line":224},"24":{"loc":{"start":{"line":232,"column":2},"end":{"line":232,"column":null}},"type":"if","locations":[{"start":{"line":232,"column":2},"end":{"line":232,"column":null}},{"start":{},"end":{}}],"line":232},"25":{"loc":{"start":{"line":233,"column":2},"end":{"line":233,"column":null}},"type":"if","locations":[{"start":{"line":233,"column":2},"end":{"line":233,"column":null}},{"start":{},"end":{}}],"line":233},"26":{"loc":{"start":{"line":240,"column":2},"end":{"line":242,"column":null}},"type":"if","locations":[{"start":{"line":240,"column":2},"end":{"line":242,"column":null}},{"start":{},"end":{}}],"line":240},"27":{"loc":{"start":{"line":240,"column":6},"end":{"line":240,"column":53}},"type":"binary-expr","locations":[{"start":{"line":240,"column":6},"end":{"line":240,"column":20}},{"start":{"line":240,"column":20},"end":{"line":240,"column":53}}],"line":240},"28":{"loc":{"start":{"line":257,"column":4},"end":{"line":257,"column":null}},"type":"if","locations":[{"start":{"line":257,"column":4},"end":{"line":257,"column":null}},{"start":{},"end":{}}],"line":257},"29":{"loc":{"start":{"line":265,"column":4},"end":{"line":301,"column":null}},"type":"if","locations":[{"start":{"line":265,"column":4},"end":{"line":301,"column":null}},{"start":{},"end":{}}],"line":265},"30":{"loc":{"start":{"line":272,"column":6},"end":{"line":300,"column":null}},"type":"if","locations":[{"start":{"line":272,"column":6},"end":{"line":300,"column":null}},{"start":{},"end":{}}],"line":272},"31":{"loc":{"start":{"line":277,"column":12},"end":{"line":277,"column":null}},"type":"if","locations":[{"start":{"line":277,"column":12},"end":{"line":277,"column":null}},{"start":{},"end":{}}],"line":277},"32":{"loc":{"start":{"line":299,"column":8},"end":{"line":299,"column":null}},"type":"if","locations":[{"start":{"line":299,"column":8},"end":{"line":299,"column":null}},{"start":{},"end":{}}],"line":299},"33":{"loc":{"start":{"line":299,"column":12},"end":{"line":299,"column":63}},"type":"binary-expr","locations":[{"start":{"line":299,"column":12},"end":{"line":299,"column":25}},{"start":{"line":299,"column":29},"end":{"line":299,"column":42}},{"start":{"line":299,"column":46},"end":{"line":299,"column":63}}],"line":299},"34":{"loc":{"start":{"line":310,"column":4},"end":{"line":315,"column":null}},"type":"if","locations":[{"start":{"line":310,"column":4},"end":{"line":315,"column":null}},{"start":{},"end":{}}],"line":310},"35":{"loc":{"start":{"line":310,"column":8},"end":{"line":310,"column":53}},"type":"binary-expr","locations":[{"start":{"line":310,"column":8},"end":{"line":310,"column":22}},{"start":{"line":310,"column":26},"end":{"line":310,"column":53}}],"line":310},"36":{"loc":{"start":{"line":314,"column":6},"end":{"line":314,"column":null}},"type":"if","locations":[{"start":{"line":314,"column":6},"end":{"line":314,"column":null}},{"start":{},"end":{}}],"line":314},"37":{"loc":{"start":{"line":330,"column":4},"end":{"line":332,"column":null}},"type":"if","locations":[{"start":{"line":330,"column":4},"end":{"line":332,"column":null}},{"start":{},"end":{}}],"line":330}},"s":{"0":1,"1":1,"2":1,"3":1,"4":1,"5":1,"6":4,"7":4,"8":2,"9":4,"10":1,"11":1,"12":1,"13":2,"14":1,"15":2,"16":0,"17":2,"18":2,"19":1,"20":1,"21":1,"22":1,"23":1,"24":1,"25":2,"26":1,"27":2,"28":0,"29":2,"30":12,"31":2,"32":1,"33":1,"34":1,"35":1,"36":1,"37":1,"38":1,"39":1,"40":4,"41":4,"42":4,"43":4,"44":0,"45":4,"46":0,"47":0,"48":4,"49":0,"50":0,"51":4,"52":1,"53":1,"54":0,"55":1,"56":1,"57":0,"58":1,"59":1,"60":0,"61":1,"62":1,"63":0,"64":1,"65":1,"66":1,"67":1,"68":1,"69":1,"70":1,"71":1,"72":0,"73":0,"74":0,"75":1,"76":0,"77":0,"78":0,"79":0,"80":0,"81":0,"82":0,"83":0,"84":0,"85":0,"86":1,"87":0,"88":1,"89":1,"90":1,"91":1,"92":4,"93":1,"94":1,"95":0,"96":1,"97":5,"98":5,"99":5,"100":2,"101":3,"102":3,"103":3,"104":8,"105":3,"106":3,"107":48,"108":3,"109":1,"110":1,"111":12,"112":12,"113":12,"114":12,"115":0,"116":1,"117":1,"118":1,"119":2,"120":2,"121":2,"122":2,"123":2,"124":1,"125":1,"126":0,"127":0,"128":1,"129":1,"130":3,"131":3,"132":3,"133":2,"134":1,"135":2,"136":1},"f":{"0":1,"1":1,"2":4,"3":1,"4":2,"5":2,"6":1,"7":1,"8":2,"9":2,"10":12,"11":4,"12":1,"13":1,"14":0,"15":4,"16":5,"17":8,"18":48,"19":12,"20":3},"b":{"0":[2,2],"1":[0,2],"2":[2,1],"3":[1,0,0],"4":[0,2],"5":[1,1],"6":[1,0],"7":[1,0],"8":[1,0],"9":[1,1],"10":[0,4],"11":[0,4],"12":[0,4],"13":[0,1],"14":[0,1],"15":[0,1],"16":[0,1],"17":[1,0],"18":[1,0],"19":[0,1],"20":[0,0],"21":[0,1],"22":[0,0],"23":[0,0],"24":[0,1],"25":[0,1],"26":[1,0],"27":[1,1],"28":[2,3],"29":[3,0],"30":[1,2],"31":[12,0],"32":[1,0],"33":[1,0,0],"34":[2,0],"35":[2,2],"36":[1,1],"37":[2,1]},"meta":{"lastBranch":38,"lastFunction":21,"lastStatement":137,"seen":{"s:38:34:44:Infinity":0,"s:46:35:48:Infinity":1,"f:46:35:46:Infinity":0,"s:47:2:47:13":2,"s:50:37:52:Infinity":3,"f:50:37:50:Infinity":1,"s:51:2:51:13":4,"s:54:36:64:Infinity":5,"f:54:36:54:37":2,"s:56:19:56:Infinity":6,"b:59:2:61:Infinity:undefined:undefined:undefined:undefined":0,"s:59:2:61:Infinity":7,"s:60:4:60:Infinity":8,"s:63:2:63:Infinity":9,"s:66:38:76:Infinity":10,"f:66:38:66:45":3,"s:66:45:76:Infinity":11,"s:82:16:82:Infinity":12,"f:82:16:82:17":4,"s:82:31:82:Infinity":13,"s:84:16:91:Infinity":14,"f:84:16:84:17":5,"b:86:2:86:Infinity:undefined:undefined:undefined:undefined":1,"s:86:2:86:Infinity":15,"s:86:22:86:Infinity":16,"s:88:17:88:Infinity":17,"s:90:2:90:Infinity":18,"b:90:9:90:32:90:32:90:Infinity":2,"s:93:18:93:Infinity":19,"f:93:18:93:19":6,"s:93:33:93:Infinity":20,"s:95:15:98:Infinity":21,"f:95:15:95:16":7,"s:96:14:96:Infinity":22,"s:97:2:97:54":23,"b:97:9:97:24:97:24:97:40:97:40:97:54":3,"s:100:21:100:Infinity":24,"f:100:21:100:22":8,"s:100:36:100:Infinity":25,"s:111:28:245:Infinity":26,"f:111:28:111:29":9,"b:112:2:112:Infinity:undefined:undefined:undefined:undefined":4,"s:112:2:112:Infinity":27,"s:112:25:112:Infinity":28,"s:113:19:113:Infinity":29,"f:113:31:113:36":10,"s:113:36:113:Infinity":30,"b:118:2:142:Infinity:undefined:undefined:undefined:undefined":5,"s:118:2:142:Infinity":31,"s:123:27:123:Infinity":32,"b:123:27:123:51:123:51:123:Infinity":6,"s:124:27:124:Infinity":33,"b:124:27:124:51:124:51:124:Infinity":7,"b:126:4:141:Infinity:undefined:undefined:undefined:undefined":8,"s:126:4:141:Infinity":34,"b:126:8:126:26:126:26:126:42":9,"s:127:6:127:Infinity":35,"s:128:6:140:Infinity":36,"s:145:42:145:Infinity":37,"s:146:22:146:Infinity":38,"s:148:23:166:Infinity":39,"f:148:23:148:24":11,"s:153:18:153:Infinity":40,"s:154:4:160:Infinity":41,"s:154:17:154:20":42,"b:155:6:155:Infinity:undefined:undefined:undefined:undefined":10,"s:155:6:155:Infinity":43,"s:155:30:155:Infinity":44,"b:156:6:159:Infinity:undefined:undefined:undefined:undefined":11,"s:156:6:159:Infinity":45,"s:157:8:157:Infinity":46,"s:158:8:158:Infinity":47,"b:161:4:164:Infinity:undefined:undefined:undefined:undefined":12,"s:161:4:164:Infinity":48,"s:162:6:162:Infinity":49,"s:163:6:163:Infinity":50,"s:165:4:165:Infinity":51,"s:169:19:169:Infinity":52,"b:170:2:170:Infinity:undefined:undefined:undefined:undefined":13,"s:170:2:170:Infinity":53,"s:170:23:170:Infinity":54,"s:172:19:172:Infinity":55,"b:173:2:173:Infinity:undefined:undefined:undefined:undefined":14,"s:173:2:173:Infinity":56,"s:173:23:173:Infinity":57,"s:175:17:175:Infinity":58,"b:176:2:182:Infinity:178:9:182:Infinity":15,"s:176:2:182:Infinity":59,"s:177:4:177:Infinity":60,"s:185:18:185:Infinity":61,"b:186:2:186:Infinity:undefined:undefined:undefined:undefined":16,"s:186:2:186:Infinity":62,"s:186:22:186:Infinity":63,"s:195:27:195:Infinity":64,"f:195:40:195:41":12,"s:195:50:195:53":65,"f:195:60:195:65":13,"s:195:65:195:Infinity":66,"b:201:2:205:Infinity:undefined:undefined:undefined:undefined":17,"s:201:2:205:Infinity":67,"s:203:17:203:Infinity":68,"b:204:4:204:Infinity:undefined:undefined:undefined:undefined":18,"s:204:4:204:Infinity":69,"s:204:28:204:Infinity":70,"b:206:2:210:Infinity:undefined:undefined:undefined:undefined":19,"s:206:2:210:Infinity":71,"s:208:17:208:Infinity":72,"b:209:4:209:Infinity:undefined:undefined:undefined:undefined":20,"s:209:4:209:Infinity":73,"s:209:28:209:Infinity":74,"b:213:2:229:Infinity:undefined:undefined:undefined:undefined":21,"s:213:2:229:Infinity":75,"s:214:17:214:Infinity":76,"s:215:21:215:Infinity":77,"s:217:4:222:Infinity":78,"f:217:29:217:30":14,"b:218:6:221:Infinity:undefined:undefined:undefined:undefined":22,"s:218:6:221:Infinity":79,"s:219:8:219:Infinity":80,"s:220:8:220:Infinity":81,"b:224:4:228:Infinity:undefined:undefined:undefined:undefined":23,"s:224:4:228:Infinity":82,"s:225:22:225:50":83,"s:226:6:226:Infinity":84,"s:227:6:227:46":85,"b:232:2:232:Infinity:undefined:undefined:undefined:undefined":24,"s:232:2:232:Infinity":86,"s:232:35:232:Infinity":87,"b:233:2:233:Infinity:undefined:undefined:undefined:undefined":25,"s:233:2:233:Infinity":88,"s:233:35:233:Infinity":89,"s:237:23:237:Infinity":90,"s:238:20:238:Infinity":91,"f:238:38:238:43":15,"s:238:43:238:Infinity":92,"b:240:2:242:Infinity:undefined:undefined:undefined:undefined":26,"s:240:2:242:Infinity":93,"b:240:6:240:20:240:20:240:53":27,"s:241:4:241:Infinity":94,"s:244:2:244:Infinity":95,"s:254:33:322:Infinity":96,"f:254:33:254:34":16,"s:255:2:321:Infinity":97,"s:256:20:256:Infinity":98,"b:257:4:257:Infinity:undefined:undefined:undefined:undefined":28,"s:257:4:257:Infinity":99,"s:257:18:257:Infinity":100,"s:261:22:261:Infinity":101,"s:262:21:262:Infinity":102,"s:263:24:263:Infinity":103,"f:263:38:263:43":17,"s:263:43:263:Infinity":104,"b:265:4:301:Infinity:undefined:undefined:undefined:undefined":29,"s:265:4:301:Infinity":105,"s:266:21:270:Infinity":106,"f:269:25:269:26":18,"s:269:45:269:Infinity":107,"b:272:6:300:Infinity:undefined:undefined:undefined:undefined":30,"s:272:6:300:Infinity":108,"s:273:20:273:34":109,"s:274:25:280:Infinity":110,"f:274:25:274:26":19,"s:275:10:278:Infinity":111,"s:276:34:276:Infinity":112,"b:277:12:277:Infinity:undefined:undefined:undefined:undefined":31,"s:277:12:277:Infinity":113,"s:277:36:277:Infinity":114,"s:279:10:279:Infinity":115,"s:284:24:297:Infinity":116,"b:299:8:299:Infinity:undefined:undefined:undefined:undefined":32,"s:299:8:299:Infinity":117,"b:299:12:299:25:299:29:299:42:299:46:299:63":33,"s:299:65:299:Infinity":118,"s:305:22:308:Infinity":119,"b:310:4:315:Infinity:undefined:undefined:undefined:undefined":34,"s:310:4:315:Infinity":120,"b:310:8:310:22:310:26:310:53":35,"s:312:19:312:33":121,"s:313:21:313:Infinity":122,"b:314:6:314:Infinity:undefined:undefined:undefined:undefined":36,"s:314:6:314:Infinity":123,"s:314:18:314:Infinity":124,"s:317:4:317:Infinity":125,"s:319:4:319:Infinity":126,"s:320:4:320:Infinity":127,"s:324:34:325:182":128,"s:327:31:337:Infinity":129,"f:327:31:327:Infinity":20,"s:328:2:335:Infinity":130,"s:329:18:329:Infinity":131,"b:330:4:332:Infinity:undefined:undefined:undefined:undefined":37,"s:330:4:332:Infinity":132,"s:331:6:331:Infinity":133,"s:334:4:334:Infinity":134,"s:336:2:336:Infinity":135,"s:339:31:352:Infinity":136}}}
}
